Build started 03-Oct-15 2:33:21 AM.
     1>Project "c:\Users\murali raghu babu.b\documents\visual studio 2013\Projects\lbgalgorithm\lbgalgorithm\lbgalgorithm.vcxproj" on node 2 (Build target(s)).
     1>ClCompile:
         C:\Program Files (x86)\Microsoft Visual Studio 12.0\VC\bin\CL.exe /c /ZI /nologo /W3 /WX- /sdl /Od /Oy- /D WIN32 /D _DEBUG /D _CONSOLE /D _LIB /D _UNICODE /D UNICODE /Gm /EHsc /RTC1 /MDd /GS /fp:precise /Zc:wchar_t /Zc:forScope /Yu"stdafx.h" /Fp"Debug\lbgalgorithm.pch" /Fo"Debug\\" /Fd"Debug\vc120.pdb" /Gd /TP /analyze- /errorReport:prompt lbgalgorithm.cpp
         lbgalgorithm.cpp
     1>c:\users\murali raghu babu.b\documents\visual studio 2013\projects\lbgalgorithm\lbgalgorithm\lbgalgorithm.cpp(26): warning C4018: '<' : signed/unsigned mismatch
     1>c:\users\murali raghu babu.b\documents\visual studio 2013\projects\lbgalgorithm\lbgalgorithm\lbgalgorithm.cpp(36): warning C4018: '<' : signed/unsigned mismatch
     1>c:\users\murali raghu babu.b\documents\visual studio 2013\projects\lbgalgorithm\lbgalgorithm\lbgalgorithm.cpp(76): warning C4244: 'argument' : conversion from 'time_t' to 'unsigned int', possible loss of data
     1>c:\users\murali raghu babu.b\documents\visual studio 2013\projects\lbgalgorithm\lbgalgorithm\lbgalgorithm.cpp(81): warning C4244: 'argument' : conversion from 'time_t' to 'unsigned int', possible loss of data
     1>c:\users\murali raghu babu.b\documents\visual studio 2013\projects\lbgalgorithm\lbgalgorithm\lbgalgorithm.cpp(98): warning C4018: '<' : signed/unsigned mismatch
     1>c:\users\murali raghu babu.b\documents\visual studio 2013\projects\lbgalgorithm\lbgalgorithm\lbgalgorithm.cpp(114): warning C4018: '<' : signed/unsigned mismatch
     1>c:\users\murali raghu babu.b\documents\visual studio 2013\projects\lbgalgorithm\lbgalgorithm\lbgalgorithm.cpp(178): warning C4018: '<' : signed/unsigned mismatch
     1>c:\users\murali raghu babu.b\documents\visual studio 2013\projects\lbgalgorithm\lbgalgorithm\lbgalgorithm.cpp(207): warning C4018: '<' : signed/unsigned mismatch
     1>c:\users\murali raghu babu.b\documents\visual studio 2013\projects\lbgalgorithm\lbgalgorithm\lbgalgorithm.cpp(225): warning C4018: '<' : signed/unsigned mismatch
       Link:
         C:\Program Files (x86)\Microsoft Visual Studio 12.0\VC\bin\link.exe /ERRORREPORT:PROMPT /OUT:"c:\users\murali raghu babu.b\documents\visual studio 2013\Projects\lbgalgorithm\Debug\lbgalgorithm.exe" /INCREMENTAL /NOLOGO kernel32.lib user32.lib gdi32.lib winspool.lib comdlg32.lib advapi32.lib shell32.lib ole32.lib oleaut32.lib uuid.lib odbc32.lib odbccp32.lib /MANIFEST /MANIFESTUAC:"level='asInvoker' uiAccess='false'" /manifest:embed /DEBUG /PDB:"c:\users\murali raghu babu.b\documents\visual studio 2013\Projects\lbgalgorithm\Debug\lbgalgorithm.pdb" /SUBSYSTEM:CONSOLE /TLBID:1 /DYNAMICBASE /NXCOMPAT /IMPLIB:"c:\users\murali raghu babu.b\documents\visual studio 2013\Projects\lbgalgorithm\Debug\lbgalgorithm.lib" /MACHINE:X86 Debug\lbgalgorithm.obj
         Debug\stdafx.obj
         lbgalgorithm.vcxproj -> c:\users\murali raghu babu.b\documents\visual studio 2013\Projects\lbgalgorithm\Debug\lbgalgorithm.exe
     1>Done Building Project "c:\Users\murali raghu babu.b\documents\visual studio 2013\Projects\lbgalgorithm\lbgalgorithm\lbgalgorithm.vcxproj" (Build target(s)).

Build succeeded.

Time Elapsed 00:00:02.30
